-------------------------------------------------------------------------------
Test set: com.basf.codingtest.chemicals.patent.PatentServiceTest
-------------------------------------------------------------------------------
Tests run: 4, Failures: 0, Errors: 2, Skipped: 0, Time elapsed: 0.776 s <<< FAILURE! - in com.basf.codingtest.chemicals.patent.PatentServiceTest
givenAFolder_whenThereAreDocuments_thenReturnPatentsInfo  Time elapsed: 0.092 s  <<< ERROR!
com.basf.codingtest.chemicals.exceptions.IncorrectInputFileException: Error reading content file
Caused by: org.xml.sax.SAXParseException: Content is not allowed in prolog.

givenADocument_whenIsProcessedAndSaved_thenReturnInformationSaved  Time elapsed: 0.013 s  <<< ERROR!
com.basf.codingtest.chemicals.exceptions.IncorrectInputFileException: Error reading content file
	at com.basf.codingtest.chemicals.patent.PatentServiceTest.givenADocument_whenIsProcessedAndSaved_thenReturnInformationSaved(PatentServiceTest.java:49)
Caused by: java.io.FileNotFoundException: /Users/ivanlaraarranz/Desktop/basfCodingChallenge/src/test/resources/testFile1.xml (No such file or directory)
	at com.basf.codingtest.chemicals.patent.PatentServiceTest.givenADocument_whenIsProcessedAndSaved_thenReturnInformationSaved(PatentServiceTest.java:49)

