<?xml version="1.0" encoding="UTF-8"?>
<testsuite xmlns:xsi="http://www.w3.org/2001/XMLSchema-instance" xsi:noNamespaceSchemaLocation="https://maven.apache.org/surefire/maven-surefire-plugin/xsd/surefire-test-report.xsd" name="com.basf.codingtest.chemicals.patent.PatentMapperTest" time="0.062" tests="2" errors="0" skipped="0" failures="0">
  <properties>
[...]
</properties>
  <testcase name="testToModel" classname="com.basf.codingtest.chemicals.patent.PatentMapperTest" time="0.005"/>
  <testcase name="testToDto" classname="com.basf.codingtest.chemicals.patent.PatentMapperTest" time="0.002"/>
</testsuite>